********************************************

Server started at 01-46-36-08-18-2017
Server started on port: 8080
{ _id: 59963e0ce012d97bcc1de891,
  name: 'test',
  combination: '1234',
  location: 'home',
  available: true }
{ _id: 5996498ee012d97bcc1dec84,
  name: 'Speed Demon',
  combination: 'none of yo business',
  location: 'up ya bum',
  available: true }
{ _id: 59964a6ce012d97bcc1decdb,
  name: 'the best bike',
  location: 'wren',
  available: true }
{ _id: 59964a6ce012d97bcc1decdb,
  name: 'the best bike',
  location: 'Awren',
  available: true }
{ _id: 59963e0ce012d97bcc1de891,
  name: 'test',
  combination: '1234',
  location: 'home',
  available: true }
{ _id: 5996498ee012d97bcc1dec84,
  name: 'Speed Demon',
  combination: 'none of yo business',
  location: 'up ya bum',
  available: true }
Server stopped at 01-55-51-08-18-2017

********************************************
