********************************************

Server started at 12-56-13-08-18-2017
Server started on port: 8080
ReferenceError: usereId is not defined
    at C:\Users\Steven\Google Drive\Projects\CesspoolBikes\routes\index.js:214:47
    at Layer.handle [as handle_request] (C:\Users\Steven\Google Drive\Projects\CesspoolBikes\node_modules\express\lib\router\layer.js:95:5)
    at next (C:\Users\Steven\Google Drive\Projects\CesspoolBikes\node_modules\express\lib\router\route.js:137:13)
    at Route.dispatch (C:\Users\Steven\Google Drive\Projects\CesspoolBikes\node_modules\express\lib\router\route.js:112:3)
    at Layer.handle [as handle_request] (C:\Users\Steven\Google Drive\Projects\CesspoolBikes\node_modules\express\lib\router\layer.js:95:5)
    at C:\Users\Steven\Google Drive\Projects\CesspoolBikes\node_modules\express\lib\router\index.js:281:22
    at Function.process_params (C:\Users\Steven\Google Drive\Projects\CesspoolBikes\node_modules\express\lib\router\index.js:335:12)
    at next (C:\Users\Steven\Google Drive\Projects\CesspoolBikes\node_modules\express\lib\router\index.js:275:10)
    at Function.handle (C:\Users\Steven\Google Drive\Projects\CesspoolBikes\node_modules\express\lib\router\index.js:174:3)
    at router (C:\Users\Steven\Google Drive\Projects\CesspoolBikes\node_modules\express\lib\router\index.js:47:12)
    at Layer.handle [as handle_request] (C:\Users\Steven\Google Drive\Projects\CesspoolBikes\node_modules\express\lib\router\layer.js:95:5)
    at trim_prefix (C:\Users\Steven\Google Drive\Projects\CesspoolBikes\node_modules\express\lib\router\index.js:317:13)
    at C:\Users\Steven\Google Drive\Projects\CesspoolBikes\node_modules\express\lib\router\index.js:284:7
    at Function.process_params (C:\Users\Steven\Google Drive\Projects\CesspoolBikes\node_modules\express\lib\router\index.js:335:12)
    at next (C:\Users\Steven\Google Drive\Projects\CesspoolBikes\node_modules\express\lib\router\index.js:275:10)
    at C:\Users\Steven\Google Drive\Projects\CesspoolBikes\node_modules\express-validator\lib\express_validator.js:479:5
    at Layer.handle [as handle_request] (C:\Users\Steven\Google Drive\Projects\CesspoolBikes\node_modules\express\lib\router\layer.js:95:5)
    at trim_prefix (C:\Users\Steven\Google Drive\Projects\CesspoolBikes\node_modules\express\lib\router\index.js:317:13)
    at C:\Users\Steven\Google Drive\Projects\CesspoolBikes\node_modules\express\lib\router\index.js:284:7
    at Function.process_params (C:\Users\Steven\Google Drive\Projects\CesspoolBikes\node_modules\express\lib\router\index.js:335:12)
    at next (C:\Users\Steven\Google Drive\Projects\CesspoolBikes\node_modules\express\lib\router\index.js:275:10)
    at C:\Users\Steven\Google Drive\Projects\CesspoolBikes\node_modules\body-parser\lib\read.js:130:5
events.js:182
      throw er; // Unhandled 'error' event
      ^

Error: req#login requires a callback function
    at IncomingMessage.req.login.req.logIn (C:\Users\Steven\Google Drive\Projects\CesspoolBikes\node_modules\passport\lib\http\request.js:47:44)
    at C:\Users\Steven\Google Drive\Projects\CesspoolBikes\routes\index.js:211:13
    at C:\Users\Steven\Google Drive\Projects\CesspoolBikes\node_modules\mongoose\lib\model.js:3822:16
    at model.Query.<anonymous> (C:\Users\Steven\Google Drive\Projects\CesspoolBikes\node_modules\mongoose\lib\model.js:3822:16)
    at C:\Users\Steven\Google Drive\Projects\CesspoolBikes\node_modules\kareem\index.js:273:21
    at C:\Users\Steven\Google Drive\Projects\CesspoolBikes\node_modules\kareem\index.js:131:16
    at _combinedTickCallback (internal/process/next_tick.js:95:7)
    at process._tickCallback (internal/process/next_tick.js:161:9)
Server stopped at 12-56-25-08-18-2017

********************************************
