********************************************

Server started at 14-35-05-08-18-2017
Server started on port: 8080
User 599684217b9dfc3bd8460fc8 borrowed Bike 599682c2e012d97bcc1df7a5 on Fri Aug 18 2017 14:35:12 GMT-0400 (Eastern Daylight Time)
599682c2e012d97bcc1df7a5
599682c2e012d97bcc1df7a5
User 599684217b9dfc3bd8460fc8 borrowed Bike 59964c39e012d97bcc1ded99 on Fri Aug 18 2017 14:42:24 GMT-0400 (Eastern Daylight Time)
59964c39e012d97bcc1ded99
User 5996397d2bbd1b38a80376cc borrowed Bike 59970e46e012d97bcc1df9fd on Fri Aug 18 2017 14:48:30 GMT-0400 (Eastern Daylight Time)
59970e46e012d97bcc1df9fd
59970e46e012d97bcc1df9fd
59970e46e012d97bcc1df9fd
59970e46e012d97bcc1df9fd
User 5996397d2bbd1b38a80376cc borrowed Bike 59963e0ce012d97bcc1de891 on Fri Aug 18 2017 14:58:09 GMT-0400 (Eastern Daylight Time)
59963e0ce012d97bcc1de891
59963e0ce012d97bcc1de891
User 5996397d2bbd1b38a80376cc borrowed Bike undefined on Fri Aug 18 2017 15:13:41 GMT-0400 (Eastern Daylight Time)
null
User 5996397d2bbd1b38a80376cc borrowed Bike undefined on Fri Aug 18 2017 15:13:43 GMT-0400 (Eastern Daylight Time)
null
User 5996397d2bbd1b38a80376cc borrowed Bike undefined on Fri Aug 18 2017 15:13:44 GMT-0400 (Eastern Daylight Time)
null
User 5996397d2bbd1b38a80376cc borrowed Bike undefined on Fri Aug 18 2017 15:13:49 GMT-0400 (Eastern Daylight Time)
null
null
Server stopped at 15-16-55-08-18-2017

********************************************
