********************************************

Server started at 20-16-48-08-18-2017
Server started on port: 8080
TypeError: Cannot read property 'bike' of undefined
    at C:\Users\Steven\Google Drive\Projects\CesspoolBikes\routes\index.js:255:26
    at Layer.handle [as handle_request] (C:\Users\Steven\Google Drive\Projects\CesspoolBikes\node_modules\express\lib\router\layer.js:95:5)
    at next (C:\Users\Steven\Google Drive\Projects\CesspoolBikes\node_modules\express\lib\router\route.js:137:13)
    at Route.dispatch (C:\Users\Steven\Google Drive\Projects\CesspoolBikes\node_modules\express\lib\router\route.js:112:3)
    at Layer.handle [as handle_request] (C:\Users\Steven\Google Drive\Projects\CesspoolBikes\node_modules\express\lib\router\layer.js:95:5)
    at C:\Users\Steven\Google Drive\Projects\CesspoolBikes\node_modules\express\lib\router\index.js:281:22
    at Function.process_params (C:\Users\Steven\Google Drive\Projects\CesspoolBikes\node_modules\express\lib\router\index.js:335:12)
    at next (C:\Users\Steven\Google Drive\Projects\CesspoolBikes\node_modules\express\lib\router\index.js:275:10)
    at Function.handle (C:\Users\Steven\Google Drive\Projects\CesspoolBikes\node_modules\express\lib\router\index.js:174:3)
    at router (C:\Users\Steven\Google Drive\Projects\CesspoolBikes\node_modules\express\lib\router\index.js:47:12)
    at Layer.handle [as handle_request] (C:\Users\Steven\Google Drive\Projects\CesspoolBikes\node_modules\express\lib\router\layer.js:95:5)
    at trim_prefix (C:\Users\Steven\Google Drive\Projects\CesspoolBikes\node_modules\express\lib\router\index.js:317:13)
    at C:\Users\Steven\Google Drive\Projects\CesspoolBikes\node_modules\express\lib\router\index.js:284:7
    at Function.process_params (C:\Users\Steven\Google Drive\Projects\CesspoolBikes\node_modules\express\lib\router\index.js:335:12)
    at next (C:\Users\Steven\Google Drive\Projects\CesspoolBikes\node_modules\express\lib\router\index.js:275:10)
    at C:\Users\Steven\Google Drive\Projects\CesspoolBikes\node_modules\express-validator\lib\express_validator.js:479:5
    at Layer.handle [as handle_request] (C:\Users\Steven\Google Drive\Projects\CesspoolBikes\node_modules\express\lib\router\layer.js:95:5)
    at trim_prefix (C:\Users\Steven\Google Drive\Projects\CesspoolBikes\node_modules\express\lib\router\index.js:317:13)
    at C:\Users\Steven\Google Drive\Projects\CesspoolBikes\node_modules\express\lib\router\index.js:284:7
    at Function.process_params (C:\Users\Steven\Google Drive\Projects\CesspoolBikes\node_modules\express\lib\router\index.js:335:12)
    at next (C:\Users\Steven\Google Drive\Projects\CesspoolBikes\node_modules\express\lib\router\index.js:275:10)
    at C:\Users\Steven\Google Drive\Projects\CesspoolBikes\node_modules\body-parser\lib\read.js:130:5
Server stopped at 20-17-07-08-18-2017

********************************************
