********************************************

Server started at 22-47-20-08-17-2017
C:\Users\Steven\Google Drive\Projects\CesspoolBikes\model\user.js:21
        type: ObjectId
              ^

ReferenceError: ObjectId is not defined
    at Object.<anonymous> (C:\Users\Steven\Google Drive\Projects\CesspoolBikes\model\user.js:21:15)
    at Module._compile (module.js:569:30)
    at Object.Module._extensions..js (module.js:580:10)
    at Module.load (module.js:503:32)
    at tryModuleLoad (module.js:466:12)
    at Function.Module._load (module.js:458:3)
    at Module.require (module.js:513:17)
    at require (internal/module.js:11:18)
    at Object.<anonymous> (C:\Users\Steven\Google Drive\Projects\CesspoolBikes\server.js:17:12)
    at Module._compile (module.js:569:30)
    at Object.Module._extensions..js (module.js:580:10)
    at Module.load (module.js:503:32)
    at tryModuleLoad (module.js:466:12)
    at Function.Module._load (module.js:458:3)
    at Function.Module.runMain (module.js:605:10)
    at startup (bootstrap_node.js:158:16)
    at bootstrap_node.js:575:3
Server stopped at 22-47-20-08-17-2017

********************************************
